<?xml version="1.0" encoding="UTF-8"?>
<!-- Generated by org.testng.reporters.JUnitXMLReporter -->
<testsuite hostname="CITHYDLTP-032" ignored="0" name="Test" tests="5" failures="2" timestamp="2020-05-08T19:03:28 IST" time="27.061" errors="0">
  <testcase name="failingTest" time="2.007" classname="com.github.functional.FunctionalSample">
    <failure type="java.lang.AssertionError" message="expected [Metrics] but found [TestNG]">
      <![CDATA[java.lang.AssertionError: expected [Metrics] but found [TestNG]
at com.github.functional.FunctionalSample.failingTest(FunctionalSample.java:51)
... Removed 32 stack frames]]>
    </failure>
  </testcase> <!-- failingTest -->
  <testcase name="passingTest" time="5.0" classname="com.github.functional.FunctionalSample"/>
  <testcase name="dataProviderTest" time="5.0" classname="com.github.functional.FunctionalSample"/>
  <testcase name="dataProviderTest" time="5.002" classname="com.github.functional.FunctionalSample">
    <failure type="java.lang.AssertionError" message="expected [TestNGMetrics] but found [TestNG]">
      <![CDATA[java.lang.AssertionError: expected [TestNGMetrics] but found [TestNG]
at com.github.functional.FunctionalSample.dataProviderTest(FunctionalSample.java:78)
... Removed 32 stack frames]]>
    </failure>
  </testcase> <!-- dataProviderTest -->
  <testcase name="skippingTest" time="0.0" classname="com.github.functional.FunctionalSample">
    <skipped/>
  </testcase> <!-- skippingTest -->
</testsuite> <!-- Test -->
